  day16.cpp
C:\Users\denni\OneDrive\바탕 화면\Unity\C_Project\day16\day16.cpp(36,12): warning C4477: 'printf' : 서식 문자열 '%d'에 'int' 형식의 인수가 필요하지만 variadic 인수 2의 형식이 'int *'입니다.
C:\Users\denni\OneDrive\바탕 화면\Unity\C_Project\day16\day16.cpp(36,12): warning C4313: 'printf': 서식 문자열의 '%d'이(가) int *' 형식의 인수 2과(와) 충돌합니다.
C:\Users\denni\OneDrive\바탕 화면\Unity\C_Project\day16\day16.cpp(36,12): warning C4477: 'printf' : 서식 문자열 '%d'에 'int' 형식의 인수가 필요하지만 variadic 인수 3의 형식이 'size_t'입니다.
  C:\Users\denni\OneDrive\바탕 화면\Unity\C_Project\day16\day16.cpp(36,12):
  서식 문자열에서 '%zd'을(를) 사용하는 것이 좋습니다.
  
C:\Users\denni\OneDrive\바탕 화면\Unity\C_Project\day16\day16.cpp(37,12): warning C4477: 'printf' : 서식 문자열 '%d'에 'int' 형식의 인수가 필요하지만 variadic 인수 2의 형식이 'char *'입니다.
C:\Users\denni\OneDrive\바탕 화면\Unity\C_Project\day16\day16.cpp(37,12): warning C4313: 'printf': 서식 문자열의 '%d'이(가) char *' 형식의 인수 2과(와) 충돌합니다.
C:\Users\denni\OneDrive\바탕 화면\Unity\C_Project\day16\day16.cpp(37,12): warning C4477: 'printf' : 서식 문자열 '%d'에 'int' 형식의 인수가 필요하지만 variadic 인수 3의 형식이 'size_t'입니다.
  C:\Users\denni\OneDrive\바탕 화면\Unity\C_Project\day16\day16.cpp(37,12):
  서식 문자열에서 '%zd'을(를) 사용하는 것이 좋습니다.
  
C:\Users\denni\OneDrive\바탕 화면\Unity\C_Project\day16\day16.cpp(38,12): warning C4477: 'printf' : 서식 문자열 '%d'에 'int' 형식의 인수가 필요하지만 variadic 인수 2의 형식이 'double *'입니다.
C:\Users\denni\OneDrive\바탕 화면\Unity\C_Project\day16\day16.cpp(38,12): warning C4313: 'printf': 서식 문자열의 '%d'이(가) double *' 형식의 인수 2과(와) 충돌합니다.
C:\Users\denni\OneDrive\바탕 화면\Unity\C_Project\day16\day16.cpp(38,12): warning C4477: 'printf' : 서식 문자열 '%d'에 'int' 형식의 인수가 필요하지만 variadic 인수 3의 형식이 'size_t'입니다.
  C:\Users\denni\OneDrive\바탕 화면\Unity\C_Project\day16\day16.cpp(38,12):
  서식 문자열에서 '%zd'을(를) 사용하는 것이 좋습니다.
  
C:\Users\denni\OneDrive\바탕 화면\Unity\C_Project\day16\day16.cpp(39,12): warning C4477: 'printf' : 서식 문자열 '%d'에 'int' 형식의 인수가 필요하지만 variadic 인수 1의 형식이 'int *'입니다.
C:\Users\denni\OneDrive\바탕 화면\Unity\C_Project\day16\day16.cpp(39,12): warning C4313: 'printf': 서식 문자열의 '%d'이(가) int *' 형식의 인수 1과(와) 충돌합니다.
C:\Users\denni\OneDrive\바탕 화면\Unity\C_Project\day16\day16.cpp(39,12): warning C4477: 'printf' : 서식 문자열 '%d'에 'int' 형식의 인수가 필요하지만 variadic 인수 2의 형식이 'int **'입니다.
C:\Users\denni\OneDrive\바탕 화면\Unity\C_Project\day16\day16.cpp(39,12): warning C4313: 'printf': 서식 문자열의 '%d'이(가) int **' 형식의 인수 2과(와) 충돌합니다.
C:\Users\denni\OneDrive\바탕 화면\Unity\C_Project\day16\day16.cpp(39,12): warning C4477: 'printf' : 서식 문자열 '%d'에 'int' 형식의 인수가 필요하지만 variadic 인수 3의 형식이 'size_t'입니다.
  C:\Users\denni\OneDrive\바탕 화면\Unity\C_Project\day16\day16.cpp(39,12):
  서식 문자열에서 '%zd'을(를) 사용하는 것이 좋습니다.
  
C:\Users\denni\OneDrive\바탕 화면\Unity\C_Project\day16\day16.cpp(40,12): warning C4477: 'printf' : 서식 문자열 '%d'에 'int' 형식의 인수가 필요하지만 variadic 인수 1의 형식이 'char *'입니다.
C:\Users\denni\OneDrive\바탕 화면\Unity\C_Project\day16\day16.cpp(40,12): warning C4313: 'printf': 서식 문자열의 '%d'이(가) char *' 형식의 인수 1과(와) 충돌합니다.
C:\Users\denni\OneDrive\바탕 화면\Unity\C_Project\day16\day16.cpp(40,12): warning C4477: 'printf' : 서식 문자열 '%d'에 'int' 형식의 인수가 필요하지만 variadic 인수 2의 형식이 'char **'입니다.
C:\Users\denni\OneDrive\바탕 화면\Unity\C_Project\day16\day16.cpp(40,12): warning C4313: 'printf': 서식 문자열의 '%d'이(가) char **' 형식의 인수 2과(와) 충돌합니다.
C:\Users\denni\OneDrive\바탕 화면\Unity\C_Project\day16\day16.cpp(40,12): warning C4477: 'printf' : 서식 문자열 '%d'에 'int' 형식의 인수가 필요하지만 variadic 인수 3의 형식이 'size_t'입니다.
  C:\Users\denni\OneDrive\바탕 화면\Unity\C_Project\day16\day16.cpp(40,12):
  서식 문자열에서 '%zd'을(를) 사용하는 것이 좋습니다.
  
C:\Users\denni\OneDrive\바탕 화면\Unity\C_Project\day16\day16.cpp(41,12): warning C4477: 'printf' : 서식 문자열 '%d'에 'int' 형식의 인수가 필요하지만 variadic 인수 1의 형식이 'double *'입니다.
C:\Users\denni\OneDrive\바탕 화면\Unity\C_Project\day16\day16.cpp(41,12): warning C4313: 'printf': 서식 문자열의 '%d'이(가) double *' 형식의 인수 1과(와) 충돌합니다.
C:\Users\denni\OneDrive\바탕 화면\Unity\C_Project\day16\day16.cpp(41,12): warning C4477: 'printf' : 서식 문자열 '%d'에 'int' 형식의 인수가 필요하지만 variadic 인수 2의 형식이 'double **'입니다.
C:\Users\denni\OneDrive\바탕 화면\Unity\C_Project\day16\day16.cpp(41,12): warning C4313: 'printf': 서식 문자열의 '%d'이(가) double **' 형식의 인수 2과(와) 충돌합니다.
C:\Users\denni\OneDrive\바탕 화면\Unity\C_Project\day16\day16.cpp(41,12): warning C4477: 'printf' : 서식 문자열 '%d'에 'int' 형식의 인수가 필요하지만 variadic 인수 3의 형식이 'size_t'입니다.
  C:\Users\denni\OneDrive\바탕 화면\Unity\C_Project\day16\day16.cpp(41,12):
  서식 문자열에서 '%zd'을(를) 사용하는 것이 좋습니다.
  
  day16.vcxproj -> C:\Users\denni\OneDrive\바탕 화면\Unity\C_Project\x64\Debug\day16.exe
